2025-09-06 02:25:08,740 INFO o.s.b.StartupInfoLogger [restartedMain] Starting PkiBackendApplication using Java 23.0.1 with PID 23360 (C:\Users\Korisnik\Documents\GitHub\pki-backend\pki-backend\target\classes started by Korisnik in C:\Users\Korisnik\Documents\GitHub\pki-backend\pki-backend)
2025-09-06 02:25:08,743 INFO o.s.b.SpringApplication [restartedMain] No active profile set, falling back to 1 default profile: "default"
2025-09-06 02:25:10,409 WARN o.s.c.s.AbstractApplicationContext [restartedMain] Exception encountered during context initialization - cancelling refresh attempt: org.springframework.beans.factory.UnsatisfiedDependencyException: Error creating bean with name 'org.springframework.boot.autoconfigure.orm.jpa.HibernateJpaConfiguration': Unsatisfied dependency expressed through constructor parameter 1: Error creating bean with name 'spring.jpa-org.springframework.boot.autoconfigure.orm.jpa.JpaProperties': Could not bind properties to 'JpaProperties' : prefix=spring.jpa, ignoreInvalidFields=false, ignoreUnknownFields=true
2025-09-06 02:25:10,439 ERROR o.s.b.d.LoggingFailureAnalysisReporter [restartedMain] 

***************************
APPLICATION FAILED TO START
***************************

Description:

Failed to bind properties under 'spring.jpa.show-sql' to boolean:

    Property: spring.jpa.show-sql
    Value: "false # Isklju?ujemo prikaz SQL-a da bi logovi bili ?istiji"
    Origin: class path resource [application.properties] - 10:21
    Reason: failed to convert java.lang.String to boolean (caused by java.lang.IllegalArgumentException: Invalid boolean value 'false # Isklju?ujemo prikaz SQL-a da bi logovi bili ?istiji')

Action:

Update your application's configuration

2025-09-06 02:26:15,305 INFO o.s.b.StartupInfoLogger [restartedMain] Starting PkiBackendApplication using Java 23.0.1 with PID 7872 (C:\Users\Korisnik\Documents\GitHub\pki-backend\pki-backend\target\classes started by Korisnik in C:\Users\Korisnik\Documents\GitHub\pki-backend\pki-backend)
2025-09-06 02:26:15,306 INFO o.s.b.SpringApplication [restartedMain] No active profile set, falling back to 1 default profile: "default"
2025-09-06 02:26:16,686 WARN o.s.c.s.AbstractApplicationContext [restartedMain] Exception encountered during context initialization - cancelling refresh attempt: org.springframework.beans.factory.UnsatisfiedDependencyException: Error creating bean with name 'org.springframework.boot.autoconfigure.orm.jpa.HibernateJpaConfiguration': Unsatisfied dependency expressed through constructor parameter 1: Error creating bean with name 'spring.jpa-org.springframework.boot.autoconfigure.orm.jpa.JpaProperties': Could not bind properties to 'JpaProperties' : prefix=spring.jpa, ignoreInvalidFields=false, ignoreUnknownFields=true
2025-09-06 02:26:16,711 ERROR o.s.b.d.LoggingFailureAnalysisReporter [restartedMain] 

***************************
APPLICATION FAILED TO START
***************************

Description:

Failed to bind properties under 'spring.jpa.show-sql' to boolean:

    Property: spring.jpa.show-sql
    Value: "false # Isklju?ujemo prikaz SQL-a da bi logovi bili ?istiji"
    Origin: class path resource [application.properties] - 10:21
    Reason: failed to convert java.lang.String to boolean (caused by java.lang.IllegalArgumentException: Invalid boolean value 'false # Isklju?ujemo prikaz SQL-a da bi logovi bili ?istiji')

Action:

Update your application's configuration

2025-09-06 02:27:10,194 INFO o.s.b.StartupInfoLogger [restartedMain] Starting PkiBackendApplication using Java 23.0.1 with PID 24428 (C:\Users\Korisnik\Documents\GitHub\pki-backend\pki-backend\target\classes started by Korisnik in C:\Users\Korisnik\Documents\GitHub\pki-backend\pki-backend)
2025-09-06 02:27:10,194 INFO o.s.b.SpringApplication [restartedMain] No active profile set, falling back to 1 default profile: "default"
2025-09-06 02:27:12,108 WARN o.h.e.j.d.i.DialectFactoryImpl [restartedMain] HHH90000025: PostgreSQLDialect does not need to be specified explicitly using 'hibernate.dialect' (remove the property setting and it will be selected by default)
2025-09-06 02:27:13,540 WARN o.s.s.c.a.a.c.InitializeUserDetailsBeanManagerConfigurer$InitializeUserDetailsManagerConfigurer [restartedMain] Global AuthenticationManager configured with an AuthenticationProvider bean. UserDetailsService beans will not be used by Spring Security for automatically configuring username/password login. Consider removing the AuthenticationProvider bean. Alternatively, consider using the UserDetailsService in a manually instantiated DaoAuthenticationProvider. If the current configuration is intentional, to turn off this warning, increase the logging level of 'org.springframework.security.config.annotation.authentication.configuration.InitializeUserDetailsBeanManagerConfigurer' to ERROR
2025-09-06 02:27:13,619 WARN o.s.b.a.o.j.JpaBaseConfiguration$JpaWebConfiguration [restartedMain] spring.jpa.open-in-view is enabled by default. Therefore, database queries may be performed during view rendering. Explicitly configure spring.jpa.open-in-view to disable this warning
2025-09-06 02:27:14,398 INFO o.s.b.StartupInfoLogger [restartedMain] Started PkiBackendApplication in 4.563 seconds (process running for 5.021)
2025-09-06 02:28:24,232 INFO o.s.b.StartupInfoLogger [restartedMain] Starting PkiBackendApplication using Java 23.0.1 with PID 27992 (C:\Users\Korisnik\Documents\GitHub\pki-backend\pki-backend\target\classes started by Korisnik in C:\Users\Korisnik\Documents\GitHub\pki-backend\pki-backend)
2025-09-06 02:28:24,232 INFO o.s.b.SpringApplication [restartedMain] No active profile set, falling back to 1 default profile: "default"
2025-09-06 02:28:25,285 WARN o.s.c.s.AbstractApplicationContext [restartedMain] Exception encountered during context initialization - cancelling refresh attempt: org.springframework.context.ApplicationContextException: Unable to start web server
2025-09-06 02:28:25,305 ERROR o.s.b.SpringApplication [restartedMain] Application run failed
org.springframework.context.ApplicationContextException: Unable to start web server
	at org.springframework.boot.web.servlet.context.ServletWebServerApplicationContext.onRefresh(ServletWebServerApplicationContext.java:170)
	at org.springframework.context.support.AbstractApplicationContext.refresh(AbstractApplicationContext.java:621)
	at org.springframework.boot.web.servlet.context.ServletWebServerApplicationContext.refresh(ServletWebServerApplicationContext.java:146)
	at org.springframework.boot.SpringApplication.refresh(SpringApplication.java:752)
	at org.springframework.boot.SpringApplication.refreshContext(SpringApplication.java:439)
	at org.springframework.boot.SpringApplication.run(SpringApplication.java:318)
	at org.springframework.boot.SpringApplication.run(SpringApplication.java:1361)
	at org.springframework.boot.SpringApplication.run(SpringApplication.java:1350)
	at com.pki.pki_backend.PkiBackendApplication.main(PkiBackendApplication.java:10)
	at java.base/jdk.internal.reflect.DirectMethodHandleAccessor.invoke(DirectMethodHandleAccessor.java:103)
	at java.base/java.lang.reflect.Method.invoke(Method.java:580)
	at org.springframework.boot.devtools.restart.RestartLauncher.run(RestartLauncher.java:50)
Caused by: java.lang.IllegalStateException: Unable to create key store: Could not load store from 'classpath:keystores/3286622555122631916294383807199613397022.p12'
	at org.springframework.boot.ssl.jks.JksSslStoreBundle.createKeyStore(JksSslStoreBundle.java:112)
	at org.springframework.boot.ssl.jks.JksSslStoreBundle.lambda$new$0(JksSslStoreBundle.java:75)
	at org.springframework.util.function.SingletonSupplier.get(SingletonSupplier.java:106)
	at org.springframework.boot.ssl.jks.JksSslStoreBundle.getKeyStore(JksSslStoreBundle.java:81)
	at org.springframework.boot.web.server.WebServerSslBundle.createKeyStore(WebServerSslBundle.java:157)
	at org.springframework.boot.web.server.WebServerSslBundle.createStoreBundle(WebServerSslBundle.java:147)
	at org.springframework.boot.web.server.WebServerSslBundle.get(WebServerSslBundle.java:142)
	at org.springframework.boot.web.server.AbstractConfigurableWebServerFactory.getSslBundle(AbstractConfigurableWebServerFactory.java:198)
	at org.springframework.boot.web.embedded.tomcat.TomcatServletWebServerFactory.customizeSsl(TomcatServletWebServerFactory.java:384)
	at org.springframework.boot.web.embedded.tomcat.TomcatServletWebServerFactory.customizeConnector(TomcatServletWebServerFactory.java:360)
	at org.springframework.boot.web.embedded.tomcat.TomcatServletWebServerFactory.getWebServer(TomcatServletWebServerFactory.java:209)
	at org.springframework.boot.web.servlet.context.ServletWebServerApplicationContext.createWebServer(ServletWebServerApplicationContext.java:193)
	at org.springframework.boot.web.servlet.context.ServletWebServerApplicationContext.onRefresh(ServletWebServerApplicationContext.java:167)
	... 11 common frames omitted
Caused by: java.lang.IllegalStateException: Could not load store from 'classpath:keystores/3286622555122631916294383807199613397022.p12'
	at org.springframework.boot.ssl.jks.JksSslStoreBundle.loadKeyStore(JksSslStoreBundle.java:140)
	at org.springframework.boot.ssl.jks.JksSslStoreBundle.createKeyStore(JksSslStoreBundle.java:107)
	... 23 common frames omitted
Caused by: java.io.FileNotFoundException: class path resource [keystores/3286622555122631916294383807199613397022.p12] cannot be opened because it does not exist
	at org.springframework.core.io.ClassPathResource.getInputStream(ClassPathResource.java:215)
	at org.springframework.boot.ssl.jks.JksSslStoreBundle.loadKeyStore(JksSslStoreBundle.java:135)
	... 24 common frames omitted
2025-09-06 02:28:55,050 INFO o.s.b.StartupInfoLogger [restartedMain] Starting PkiBackendApplication using Java 23.0.1 with PID 17492 (C:\Users\Korisnik\Documents\GitHub\pki-backend\pki-backend\target\classes started by Korisnik in C:\Users\Korisnik\Documents\GitHub\pki-backend\pki-backend)
2025-09-06 02:28:55,050 INFO o.s.b.SpringApplication [restartedMain] No active profile set, falling back to 1 default profile: "default"
2025-09-06 02:28:56,974 WARN o.h.e.j.d.i.DialectFactoryImpl [restartedMain] HHH90000025: PostgreSQLDialect does not need to be specified explicitly using 'hibernate.dialect' (remove the property setting and it will be selected by default)
2025-09-06 02:28:58,199 WARN o.s.s.c.a.a.c.InitializeUserDetailsBeanManagerConfigurer$InitializeUserDetailsManagerConfigurer [restartedMain] Global AuthenticationManager configured with an AuthenticationProvider bean. UserDetailsService beans will not be used by Spring Security for automatically configuring username/password login. Consider removing the AuthenticationProvider bean. Alternatively, consider using the UserDetailsService in a manually instantiated DaoAuthenticationProvider. If the current configuration is intentional, to turn off this warning, increase the logging level of 'org.springframework.security.config.annotation.authentication.configuration.InitializeUserDetailsBeanManagerConfigurer' to ERROR
2025-09-06 02:28:58,268 WARN o.s.b.a.o.j.JpaBaseConfiguration$JpaWebConfiguration [restartedMain] spring.jpa.open-in-view is enabled by default. Therefore, database queries may be performed during view rendering. Explicitly configure spring.jpa.open-in-view to disable this warning
2025-09-06 02:28:58,901 INFO o.s.b.StartupInfoLogger [restartedMain] Started PkiBackendApplication in 4.2 seconds (process running for 4.7)
2025-09-06 02:29:21,559 INFO o.s.b.StartupInfoLogger [restartedMain] Starting PkiBackendApplication using Java 23.0.1 with PID 19008 (C:\Users\Korisnik\Documents\GitHub\pki-backend\pki-backend\target\classes started by Korisnik in C:\Users\Korisnik\Documents\GitHub\pki-backend\pki-backend)
2025-09-06 02:29:21,560 INFO o.s.b.SpringApplication [restartedMain] No active profile set, falling back to 1 default profile: "default"
2025-09-06 02:29:23,583 WARN o.h.e.j.d.i.DialectFactoryImpl [restartedMain] HHH90000025: PostgreSQLDialect does not need to be specified explicitly using 'hibernate.dialect' (remove the property setting and it will be selected by default)
2025-09-06 02:29:24,785 WARN o.s.s.c.a.a.c.InitializeUserDetailsBeanManagerConfigurer$InitializeUserDetailsManagerConfigurer [restartedMain] Global AuthenticationManager configured with an AuthenticationProvider bean. UserDetailsService beans will not be used by Spring Security for automatically configuring username/password login. Consider removing the AuthenticationProvider bean. Alternatively, consider using the UserDetailsService in a manually instantiated DaoAuthenticationProvider. If the current configuration is intentional, to turn off this warning, increase the logging level of 'org.springframework.security.config.annotation.authentication.configuration.InitializeUserDetailsBeanManagerConfigurer' to ERROR
2025-09-06 02:29:24,865 WARN o.s.b.a.o.j.JpaBaseConfiguration$JpaWebConfiguration [restartedMain] spring.jpa.open-in-view is enabled by default. Therefore, database queries may be performed during view rendering. Explicitly configure spring.jpa.open-in-view to disable this warning
2025-09-06 02:29:25,489 INFO o.s.b.StartupInfoLogger [restartedMain] Started PkiBackendApplication in 4.289 seconds (process running for 4.817)
2025-09-06 03:47:05,746 INFO o.s.b.StartupInfoLogger [restartedMain] Starting PkiBackendApplication using Java 23.0.1 with PID 21844 (C:\Users\Korisnik\Documents\GitHub\pki-backend\pki-backend\target\classes started by Korisnik in C:\Users\Korisnik\Documents\GitHub\pki-backend\pki-backend)
2025-09-06 03:47:05,748 INFO o.s.b.SpringApplication [restartedMain] No active profile set, falling back to 1 default profile: "default"
2025-09-06 03:47:07,793 WARN o.h.e.j.d.i.DialectFactoryImpl [restartedMain] HHH90000025: PostgreSQLDialect does not need to be specified explicitly using 'hibernate.dialect' (remove the property setting and it will be selected by default)
2025-09-06 03:47:09,023 WARN o.s.s.c.a.a.c.InitializeUserDetailsBeanManagerConfigurer$InitializeUserDetailsManagerConfigurer [restartedMain] Global AuthenticationManager configured with an AuthenticationProvider bean. UserDetailsService beans will not be used by Spring Security for automatically configuring username/password login. Consider removing the AuthenticationProvider bean. Alternatively, consider using the UserDetailsService in a manually instantiated DaoAuthenticationProvider. If the current configuration is intentional, to turn off this warning, increase the logging level of 'org.springframework.security.config.annotation.authentication.configuration.InitializeUserDetailsBeanManagerConfigurer' to ERROR
2025-09-06 03:47:09,094 WARN o.s.b.a.o.j.JpaBaseConfiguration$JpaWebConfiguration [restartedMain] spring.jpa.open-in-view is enabled by default. Therefore, database queries may be performed during view rendering. Explicitly configure spring.jpa.open-in-view to disable this warning
2025-09-06 03:47:09,740 INFO o.s.b.StartupInfoLogger [restartedMain] Started PkiBackendApplication in 4.417 seconds (process running for 5.28)
2025-09-06 04:24:59,901 INFO o.s.b.StartupInfoLogger [restartedMain] Starting PkiBackendApplication using Java 23.0.1 with PID 29380 (C:\Users\Korisnik\Documents\GitHub\pki-backend\pki-backend\target\classes started by Korisnik in C:\Users\Korisnik\Documents\GitHub\pki-backend\pki-backend)
2025-09-06 04:24:59,902 INFO o.s.b.SpringApplication [restartedMain] No active profile set, falling back to 1 default profile: "default"
2025-09-06 04:25:01,683 WARN o.h.e.j.d.i.DialectFactoryImpl [restartedMain] HHH90000025: PostgreSQLDialect does not need to be specified explicitly using 'hibernate.dialect' (remove the property setting and it will be selected by default)
2025-09-06 04:25:02,904 WARN o.s.s.c.a.a.c.InitializeUserDetailsBeanManagerConfigurer$InitializeUserDetailsManagerConfigurer [restartedMain] Global AuthenticationManager configured with an AuthenticationProvider bean. UserDetailsService beans will not be used by Spring Security for automatically configuring username/password login. Consider removing the AuthenticationProvider bean. Alternatively, consider using the UserDetailsService in a manually instantiated DaoAuthenticationProvider. If the current configuration is intentional, to turn off this warning, increase the logging level of 'org.springframework.security.config.annotation.authentication.configuration.InitializeUserDetailsBeanManagerConfigurer' to ERROR
2025-09-06 04:25:02,983 WARN o.s.b.a.o.j.JpaBaseConfiguration$JpaWebConfiguration [restartedMain] spring.jpa.open-in-view is enabled by default. Therefore, database queries may be performed during view rendering. Explicitly configure spring.jpa.open-in-view to disable this warning
2025-09-06 04:25:03,685 INFO o.s.b.StartupInfoLogger [restartedMain] Started PkiBackendApplication in 4.128 seconds (process running for 4.619)
2025-09-06 04:26:05,451 INFO o.s.b.StartupInfoLogger [restartedMain] Starting PkiBackendApplication using Java 23.0.1 with PID 17380 (C:\Users\Korisnik\Documents\GitHub\pki-backend\pki-backend\target\classes started by Korisnik in C:\Users\Korisnik\Documents\GitHub\pki-backend\pki-backend)
2025-09-06 04:26:05,466 INFO o.s.b.SpringApplication [restartedMain] No active profile set, falling back to 1 default profile: "default"
2025-09-06 04:26:07,236 WARN o.h.e.j.d.i.DialectFactoryImpl [restartedMain] HHH90000025: PostgreSQLDialect does not need to be specified explicitly using 'hibernate.dialect' (remove the property setting and it will be selected by default)
2025-09-06 04:26:08,446 WARN o.s.s.c.a.a.c.InitializeUserDetailsBeanManagerConfigurer$InitializeUserDetailsManagerConfigurer [restartedMain] Global AuthenticationManager configured with an AuthenticationProvider bean. UserDetailsService beans will not be used by Spring Security for automatically configuring username/password login. Consider removing the AuthenticationProvider bean. Alternatively, consider using the UserDetailsService in a manually instantiated DaoAuthenticationProvider. If the current configuration is intentional, to turn off this warning, increase the logging level of 'org.springframework.security.config.annotation.authentication.configuration.InitializeUserDetailsBeanManagerConfigurer' to ERROR
2025-09-06 04:26:08,514 WARN o.s.b.a.o.j.JpaBaseConfiguration$JpaWebConfiguration [restartedMain] spring.jpa.open-in-view is enabled by default. Therefore, database queries may be performed during view rendering. Explicitly configure spring.jpa.open-in-view to disable this warning
2025-09-06 04:26:09,177 INFO o.s.b.StartupInfoLogger [restartedMain] Started PkiBackendApplication in 4.061 seconds (process running for 4.505)
2025-09-06 04:29:48,936 INFO o.s.b.StartupInfoLogger [restartedMain] Starting PkiBackendApplication using Java 23.0.1 with PID 17380 (C:\Users\Korisnik\Documents\GitHub\pki-backend\pki-backend\target\classes started by Korisnik in C:\Users\Korisnik\Documents\GitHub\pki-backend\pki-backend)
2025-09-06 04:29:48,936 INFO o.s.b.SpringApplication [restartedMain] No active profile set, falling back to 1 default profile: "default"
2025-09-06 04:29:49,337 WARN o.h.e.j.d.i.DialectFactoryImpl [restartedMain] HHH90000025: PostgreSQLDialect does not need to be specified explicitly using 'hibernate.dialect' (remove the property setting and it will be selected by default)
2025-09-06 04:29:49,561 WARN o.s.s.c.a.a.c.InitializeUserDetailsBeanManagerConfigurer$InitializeUserDetailsManagerConfigurer [restartedMain] Global AuthenticationManager configured with an AuthenticationProvider bean. UserDetailsService beans will not be used by Spring Security for automatically configuring username/password login. Consider removing the AuthenticationProvider bean. Alternatively, consider using the UserDetailsService in a manually instantiated DaoAuthenticationProvider. If the current configuration is intentional, to turn off this warning, increase the logging level of 'org.springframework.security.config.annotation.authentication.configuration.InitializeUserDetailsBeanManagerConfigurer' to ERROR
2025-09-06 04:29:49,582 WARN o.s.b.a.o.j.JpaBaseConfiguration$JpaWebConfiguration [restartedMain] spring.jpa.open-in-view is enabled by default. Therefore, database queries may be performed during view rendering. Explicitly configure spring.jpa.open-in-view to disable this warning
2025-09-06 04:29:49,864 INFO o.s.b.StartupInfoLogger [restartedMain] Started PkiBackendApplication in 0.949 seconds (process running for 225.192)
2025-09-06 04:30:25,977 INFO o.s.b.StartupInfoLogger [restartedMain] Starting PkiBackendApplication using Java 23.0.1 with PID 27636 (C:\Users\Korisnik\Documents\GitHub\pki-backend\pki-backend\target\classes started by Korisnik in C:\Users\Korisnik\Documents\GitHub\pki-backend\pki-backend)
2025-09-06 04:30:25,978 INFO o.s.b.SpringApplication [restartedMain] No active profile set, falling back to 1 default profile: "default"
2025-09-06 04:30:27,941 WARN o.h.e.j.d.i.DialectFactoryImpl [restartedMain] HHH90000025: PostgreSQLDialect does not need to be specified explicitly using 'hibernate.dialect' (remove the property setting and it will be selected by default)
2025-09-06 04:30:29,149 WARN o.s.s.c.a.a.c.InitializeUserDetailsBeanManagerConfigurer$InitializeUserDetailsManagerConfigurer [restartedMain] Global AuthenticationManager configured with an AuthenticationProvider bean. UserDetailsService beans will not be used by Spring Security for automatically configuring username/password login. Consider removing the AuthenticationProvider bean. Alternatively, consider using the UserDetailsService in a manually instantiated DaoAuthenticationProvider. If the current configuration is intentional, to turn off this warning, increase the logging level of 'org.springframework.security.config.annotation.authentication.configuration.InitializeUserDetailsBeanManagerConfigurer' to ERROR
2025-09-06 04:30:29,223 WARN o.s.b.a.o.j.JpaBaseConfiguration$JpaWebConfiguration [restartedMain] spring.jpa.open-in-view is enabled by default. Therefore, database queries may be performed during view rendering. Explicitly configure spring.jpa.open-in-view to disable this warning
2025-09-06 04:30:29,876 INFO o.s.b.StartupInfoLogger [restartedMain] Started PkiBackendApplication in 4.282 seconds (process running for 4.824)
2025-09-06 04:33:47,231 INFO o.s.b.StartupInfoLogger [restartedMain] Starting PkiBackendApplication using Java 23.0.1 with PID 19480 (C:\Users\Korisnik\Documents\GitHub\pki-backend\pki-backend\target\classes started by Korisnik in C:\Users\Korisnik\Documents\GitHub\pki-backend\pki-backend)
2025-09-06 04:33:47,232 INFO o.s.b.SpringApplication [restartedMain] No active profile set, falling back to 1 default profile: "default"
2025-09-06 04:33:48,999 WARN o.h.e.j.d.i.DialectFactoryImpl [restartedMain] HHH90000025: PostgreSQLDialect does not need to be specified explicitly using 'hibernate.dialect' (remove the property setting and it will be selected by default)
2025-09-06 04:33:50,205 WARN o.s.s.c.a.a.c.InitializeUserDetailsBeanManagerConfigurer$InitializeUserDetailsManagerConfigurer [restartedMain] Global AuthenticationManager configured with an AuthenticationProvider bean. UserDetailsService beans will not be used by Spring Security for automatically configuring username/password login. Consider removing the AuthenticationProvider bean. Alternatively, consider using the UserDetailsService in a manually instantiated DaoAuthenticationProvider. If the current configuration is intentional, to turn off this warning, increase the logging level of 'org.springframework.security.config.annotation.authentication.configuration.InitializeUserDetailsBeanManagerConfigurer' to ERROR
2025-09-06 04:33:50,282 WARN o.s.b.a.o.j.JpaBaseConfiguration$JpaWebConfiguration [restartedMain] spring.jpa.open-in-view is enabled by default. Therefore, database queries may be performed during view rendering. Explicitly configure spring.jpa.open-in-view to disable this warning
2025-09-06 04:33:50,908 INFO o.s.b.StartupInfoLogger [restartedMain] Started PkiBackendApplication in 4.028 seconds (process running for 4.47)
2025-09-06 04:36:07,826 INFO o.s.b.StartupInfoLogger [restartedMain] Starting PkiBackendApplication using Java 23.0.1 with PID 23500 (C:\Users\Korisnik\Documents\GitHub\pki-backend\pki-backend\target\classes started by Korisnik in C:\Users\Korisnik\Documents\GitHub\pki-backend\pki-backend)
2025-09-06 04:36:07,827 INFO o.s.b.SpringApplication [restartedMain] No active profile set, falling back to 1 default profile: "default"
2025-09-06 04:36:09,597 WARN o.h.e.j.d.i.DialectFactoryImpl [restartedMain] HHH90000025: PostgreSQLDialect does not need to be specified explicitly using 'hibernate.dialect' (remove the property setting and it will be selected by default)
2025-09-06 04:36:10,762 WARN o.s.s.c.a.a.c.InitializeUserDetailsBeanManagerConfigurer$InitializeUserDetailsManagerConfigurer [restartedMain] Global AuthenticationManager configured with an AuthenticationProvider bean. UserDetailsService beans will not be used by Spring Security for automatically configuring username/password login. Consider removing the AuthenticationProvider bean. Alternatively, consider using the UserDetailsService in a manually instantiated DaoAuthenticationProvider. If the current configuration is intentional, to turn off this warning, increase the logging level of 'org.springframework.security.config.annotation.authentication.configuration.InitializeUserDetailsBeanManagerConfigurer' to ERROR
2025-09-06 04:36:10,836 WARN o.s.b.a.o.j.JpaBaseConfiguration$JpaWebConfiguration [restartedMain] spring.jpa.open-in-view is enabled by default. Therefore, database queries may be performed during view rendering. Explicitly configure spring.jpa.open-in-view to disable this warning
2025-09-06 04:36:11,446 INFO o.s.b.StartupInfoLogger [restartedMain] Started PkiBackendApplication in 3.961 seconds (process running for 4.412)
2025-09-06 04:39:04,600 INFO o.s.b.StartupInfoLogger [restartedMain] Starting PkiBackendApplication using Java 23.0.1 with PID 23500 (C:\Users\Korisnik\Documents\GitHub\pki-backend\pki-backend\target\classes started by Korisnik in C:\Users\Korisnik\Documents\GitHub\pki-backend\pki-backend)
2025-09-06 04:39:04,600 INFO o.s.b.SpringApplication [restartedMain] No active profile set, falling back to 1 default profile: "default"
2025-09-06 04:39:04,983 WARN o.h.e.j.d.i.DialectFactoryImpl [restartedMain] HHH90000025: PostgreSQLDialect does not need to be specified explicitly using 'hibernate.dialect' (remove the property setting and it will be selected by default)
2025-09-06 04:39:05,220 WARN o.s.s.c.a.a.c.InitializeUserDetailsBeanManagerConfigurer$InitializeUserDetailsManagerConfigurer [restartedMain] Global AuthenticationManager configured with an AuthenticationProvider bean. UserDetailsService beans will not be used by Spring Security for automatically configuring username/password login. Consider removing the AuthenticationProvider bean. Alternatively, consider using the UserDetailsService in a manually instantiated DaoAuthenticationProvider. If the current configuration is intentional, to turn off this warning, increase the logging level of 'org.springframework.security.config.annotation.authentication.configuration.InitializeUserDetailsBeanManagerConfigurer' to ERROR
2025-09-06 04:39:05,247 WARN o.s.b.a.o.j.JpaBaseConfiguration$JpaWebConfiguration [restartedMain] spring.jpa.open-in-view is enabled by default. Therefore, database queries may be performed during view rendering. Explicitly configure spring.jpa.open-in-view to disable this warning
2025-09-06 04:39:05,534 INFO o.s.b.StartupInfoLogger [restartedMain] Started PkiBackendApplication in 0.956 seconds (process running for 178.502)
2025-09-06 04:39:15,510 INFO o.s.b.StartupInfoLogger [restartedMain] Starting PkiBackendApplication using Java 23.0.1 with PID 19448 (C:\Users\Korisnik\Documents\GitHub\pki-backend\pki-backend\target\classes started by Korisnik in C:\Users\Korisnik\Documents\GitHub\pki-backend\pki-backend)
2025-09-06 04:39:15,510 INFO o.s.b.SpringApplication [restartedMain] No active profile set, falling back to 1 default profile: "default"
2025-09-06 04:39:18,239 WARN o.s.c.s.AbstractApplicationContext [restartedMain] Exception encountered during context initialization - cancelling refresh attempt: org.springframework.beans.factory.UnsatisfiedDependencyException: Error creating bean with name 'adminController' defined in file [C:\Users\Korisnik\Documents\GitHub\pki-backend\pki-backend\target\classes\com\pki\pki_backend\controller\AdminController.class]: Unsatisfied dependency expressed through constructor parameter 0: Error creating bean with name 'userService' defined in file [C:\Users\Korisnik\Documents\GitHub\pki-backend\pki-backend\target\classes\com\pki\pki_backend\service\UserService.class]: Unsatisfied dependency expressed through constructor parameter 2: No qualifying bean of type 'org.springframework.mail.javamail.JavaMailSender' available: expected at least 1 bean which qualifies as autowire candidate. Dependency annotations: {}
2025-09-06 04:39:18,272 ERROR o.s.b.d.LoggingFailureAnalysisReporter [restartedMain] 

***************************
APPLICATION FAILED TO START
***************************

Description:

Parameter 2 of constructor in com.pki.pki_backend.service.UserService required a bean of type 'org.springframework.mail.javamail.JavaMailSender' that could not be found.


Action:

Consider defining a bean of type 'org.springframework.mail.javamail.JavaMailSender' in your configuration.

2025-09-06 04:41:03,762 INFO o.s.b.StartupInfoLogger [restartedMain] Starting PkiBackendApplication using Java 23.0.1 with PID 24868 (C:\Users\Korisnik\Documents\GitHub\pki-backend\pki-backend\target\classes started by Korisnik in C:\Users\Korisnik\Documents\GitHub\pki-backend\pki-backend)
2025-09-06 04:41:03,764 INFO o.s.b.SpringApplication [restartedMain] No active profile set, falling back to 1 default profile: "default"
2025-09-06 04:41:05,560 WARN o.h.e.j.d.i.DialectFactoryImpl [restartedMain] HHH90000025: PostgreSQLDialect does not need to be specified explicitly using 'hibernate.dialect' (remove the property setting and it will be selected by default)
2025-09-06 04:41:06,774 WARN o.s.s.c.a.a.c.InitializeUserDetailsBeanManagerConfigurer$InitializeUserDetailsManagerConfigurer [restartedMain] Global AuthenticationManager configured with an AuthenticationProvider bean. UserDetailsService beans will not be used by Spring Security for automatically configuring username/password login. Consider removing the AuthenticationProvider bean. Alternatively, consider using the UserDetailsService in a manually instantiated DaoAuthenticationProvider. If the current configuration is intentional, to turn off this warning, increase the logging level of 'org.springframework.security.config.annotation.authentication.configuration.InitializeUserDetailsBeanManagerConfigurer' to ERROR
2025-09-06 04:41:06,873 WARN o.s.b.a.o.j.JpaBaseConfiguration$JpaWebConfiguration [restartedMain] spring.jpa.open-in-view is enabled by default. Therefore, database queries may be performed during view rendering. Explicitly configure spring.jpa.open-in-view to disable this warning
2025-09-06 04:41:07,652 INFO o.s.b.StartupInfoLogger [restartedMain] Started PkiBackendApplication in 4.233 seconds (process running for 4.686)
2025-09-22 06:37:20,746 INFO o.s.b.StartupInfoLogger [restartedMain] Starting PkiBackendApplication using Java 23.0.1 with PID 11568 (C:\Users\Korisnik\Documents\GitHub\pki-backend\pki-backend\target\classes started by Korisnik in C:\Users\Korisnik\Documents\GitHub\pki-backend\pki-backend)
2025-09-22 06:37:20,747 INFO o.s.b.SpringApplication [restartedMain] No active profile set, falling back to 1 default profile: "default"
2025-09-22 06:37:23,167 WARN o.h.e.j.d.i.DialectFactoryImpl [restartedMain] HHH90000025: PostgreSQLDialect does not need to be specified explicitly using 'hibernate.dialect' (remove the property setting and it will be selected by default)
2025-09-22 06:37:24,707 WARN o.s.s.c.a.a.c.InitializeUserDetailsBeanManagerConfigurer$InitializeUserDetailsManagerConfigurer [restartedMain] Global AuthenticationManager configured with an AuthenticationProvider bean. UserDetailsService beans will not be used by Spring Security for automatically configuring username/password login. Consider removing the AuthenticationProvider bean. Alternatively, consider using the UserDetailsService in a manually instantiated DaoAuthenticationProvider. If the current configuration is intentional, to turn off this warning, increase the logging level of 'org.springframework.security.config.annotation.authentication.configuration.InitializeUserDetailsBeanManagerConfigurer' to ERROR
2025-09-22 06:37:24,794 WARN o.s.b.a.o.j.JpaBaseConfiguration$JpaWebConfiguration [restartedMain] spring.jpa.open-in-view is enabled by default. Therefore, database queries may be performed during view rendering. Explicitly configure spring.jpa.open-in-view to disable this warning
2025-09-22 06:37:25,584 INFO o.s.b.StartupInfoLogger [restartedMain] Started PkiBackendApplication in 5.19 seconds (process running for 5.65)
2025-09-22 06:41:05,836 INFO o.s.b.StartupInfoLogger [restartedMain] Starting PkiBackendApplication using Java 23.0.1 with PID 17048 (C:\Users\Korisnik\Documents\GitHub\pki-backend\pki-backend\target\classes started by Korisnik in C:\Users\Korisnik\Documents\GitHub\pki-backend\pki-backend)
2025-09-22 06:41:05,837 INFO o.s.b.SpringApplication [restartedMain] No active profile set, falling back to 1 default profile: "default"
2025-09-22 06:41:07,632 WARN o.h.e.j.d.i.DialectFactoryImpl [restartedMain] HHH90000025: PostgreSQLDialect does not need to be specified explicitly using 'hibernate.dialect' (remove the property setting and it will be selected by default)
2025-09-22 06:41:08,908 WARN o.s.s.c.a.a.c.InitializeUserDetailsBeanManagerConfigurer$InitializeUserDetailsManagerConfigurer [restartedMain] Global AuthenticationManager configured with an AuthenticationProvider bean. UserDetailsService beans will not be used by Spring Security for automatically configuring username/password login. Consider removing the AuthenticationProvider bean. Alternatively, consider using the UserDetailsService in a manually instantiated DaoAuthenticationProvider. If the current configuration is intentional, to turn off this warning, increase the logging level of 'org.springframework.security.config.annotation.authentication.configuration.InitializeUserDetailsBeanManagerConfigurer' to ERROR
2025-09-22 06:41:08,993 WARN o.s.b.a.o.j.JpaBaseConfiguration$JpaWebConfiguration [restartedMain] spring.jpa.open-in-view is enabled by default. Therefore, database queries may be performed during view rendering. Explicitly configure spring.jpa.open-in-view to disable this warning
2025-09-22 06:41:09,666 INFO o.s.b.StartupInfoLogger [restartedMain] Started PkiBackendApplication in 4.182 seconds (process running for 4.656)
2025-09-22 06:43:58,348 INFO c.p.p.a.LoggingAspect [https-jsse-nio-8443-exec-10] User: 'admin@pki.com' is starting execution of method: 'getAll'
2025-09-22 06:43:58,372 INFO c.p.p.a.LoggingAspect [https-jsse-nio-8443-exec-10] User: 'admin@pki.com' successfully executed method: 'getAll'
