2025-09-24 04:53:53,480 INFO o.s.b.StartupInfoLogger [restartedMain] Starting PkiBackendApplication using Java 23.0.1 with PID 4644 (C:\Users\Korisnik\Documents\GitHub\pki-backend\pki-backend\target\classes started by Korisnik in C:\Users\Korisnik\Documents\GitHub\pki-backend\pki-backend)
2025-09-24 04:53:53,484 INFO o.s.b.SpringApplication [restartedMain] No active profile set, falling back to 1 default profile: "default"
2025-09-24 04:53:56,434 WARN o.h.e.j.d.i.DialectFactoryImpl [restartedMain] HHH90000025: PostgreSQLDialect does not need to be specified explicitly using 'hibernate.dialect' (remove the property setting and it will be selected by default)
2025-09-24 04:53:57,934 WARN o.s.s.c.a.a.c.InitializeUserDetailsBeanManagerConfigurer$InitializeUserDetailsManagerConfigurer [restartedMain] Global AuthenticationManager configured with an AuthenticationProvider bean. UserDetailsService beans will not be used by Spring Security for automatically configuring username/password login. Consider removing the AuthenticationProvider bean. Alternatively, consider using the UserDetailsService in a manually instantiated DaoAuthenticationProvider. If the current configuration is intentional, to turn off this warning, increase the logging level of 'org.springframework.security.config.annotation.authentication.configuration.InitializeUserDetailsBeanManagerConfigurer' to ERROR
2025-09-24 04:53:58,054 WARN o.s.b.a.o.j.JpaBaseConfiguration$JpaWebConfiguration [restartedMain] spring.jpa.open-in-view is enabled by default. Therefore, database queries may be performed during view rendering. Explicitly configure spring.jpa.open-in-view to disable this warning
2025-09-24 04:53:58,877 INFO o.s.b.StartupInfoLogger [restartedMain] Started PkiBackendApplication in 6.093 seconds (process running for 12.21)
2025-09-24 04:55:04,957 INFO c.p.p.a.LoggingAspect [https-jsse-nio-8443-exec-3] User: 'admin@pki.com' is starting execution of method: 'getAll'
2025-09-24 04:55:04,980 INFO c.p.p.a.LoggingAspect [https-jsse-nio-8443-exec-3] User: 'admin@pki.com' successfully executed method: 'getAll'
2025-09-24 04:56:10,910 INFO o.s.b.StartupInfoLogger [restartedMain] Starting PkiBackendApplication using Java 23.0.1 with PID 4644 (C:\Users\Korisnik\Documents\GitHub\pki-backend\pki-backend\target\classes started by Korisnik in C:\Users\Korisnik\Documents\GitHub\pki-backend\pki-backend)
2025-09-24 04:56:10,910 INFO o.s.b.SpringApplication [restartedMain] No active profile set, falling back to 1 default profile: "default"
2025-09-24 04:56:11,196 WARN o.s.c.s.AbstractApplicationContext [restartedMain] Exception encountered during context initialization - cancelling refresh attempt: org.springframework.context.ApplicationContextException: Unable to start web server
2025-09-24 04:56:11,214 ERROR o.s.b.SpringApplication [restartedMain] Application run failed
org.springframework.context.ApplicationContextException: Unable to start web server
	at org.springframework.boot.web.servlet.context.ServletWebServerApplicationContext.onRefresh(ServletWebServerApplicationContext.java:170)
	at org.springframework.context.support.AbstractApplicationContext.refresh(AbstractApplicationContext.java:621)
	at org.springframework.boot.web.servlet.context.ServletWebServerApplicationContext.refresh(ServletWebServerApplicationContext.java:146)
	at org.springframework.boot.SpringApplication.refresh(SpringApplication.java:752)
	at org.springframework.boot.SpringApplication.refreshContext(SpringApplication.java:439)
	at org.springframework.boot.SpringApplication.run(SpringApplication.java:318)
	at org.springframework.boot.SpringApplication.run(SpringApplication.java:1361)
	at org.springframework.boot.SpringApplication.run(SpringApplication.java:1350)
	at com.pki.pki_backend.PkiBackendApplication.main(PkiBackendApplication.java:10)
	at java.base/jdk.internal.reflect.DirectMethodHandleAccessor.invoke(DirectMethodHandleAccessor.java:103)
	at java.base/java.lang.reflect.Method.invoke(Method.java:580)
	at org.springframework.boot.devtools.restart.RestartLauncher.run(RestartLauncher.java:50)
Caused by: java.lang.IllegalStateException: Unable to create key store: Could not load store from 'classpath:keystores/328662255512263191629438380719961339702.p12'
	at org.springframework.boot.ssl.jks.JksSslStoreBundle.createKeyStore(JksSslStoreBundle.java:112)
	at org.springframework.boot.ssl.jks.JksSslStoreBundle.lambda$new$0(JksSslStoreBundle.java:75)
	at org.springframework.util.function.SingletonSupplier.get(SingletonSupplier.java:106)
	at org.springframework.boot.ssl.jks.JksSslStoreBundle.getKeyStore(JksSslStoreBundle.java:81)
	at org.springframework.boot.web.server.WebServerSslBundle.createKeyStore(WebServerSslBundle.java:157)
	at org.springframework.boot.web.server.WebServerSslBundle.createStoreBundle(WebServerSslBundle.java:147)
	at org.springframework.boot.web.server.WebServerSslBundle.get(WebServerSslBundle.java:142)
	at org.springframework.boot.web.server.AbstractConfigurableWebServerFactory.getSslBundle(AbstractConfigurableWebServerFactory.java:198)
	at org.springframework.boot.web.embedded.tomcat.TomcatServletWebServerFactory.customizeSsl(TomcatServletWebServerFactory.java:384)
	at org.springframework.boot.web.embedded.tomcat.TomcatServletWebServerFactory.customizeConnector(TomcatServletWebServerFactory.java:360)
	at org.springframework.boot.web.embedded.tomcat.TomcatServletWebServerFactory.getWebServer(TomcatServletWebServerFactory.java:209)
	at org.springframework.boot.web.servlet.context.ServletWebServerApplicationContext.createWebServer(ServletWebServerApplicationContext.java:193)
	at org.springframework.boot.web.servlet.context.ServletWebServerApplicationContext.onRefresh(ServletWebServerApplicationContext.java:167)
	... 11 common frames omitted
Caused by: java.lang.IllegalStateException: Could not load store from 'classpath:keystores/328662255512263191629438380719961339702.p12'
	at org.springframework.boot.ssl.jks.JksSslStoreBundle.loadKeyStore(JksSslStoreBundle.java:140)
	at org.springframework.boot.ssl.jks.JksSslStoreBundle.createKeyStore(JksSslStoreBundle.java:107)
	... 23 common frames omitted
Caused by: java.io.FileNotFoundException: class path resource [keystores/328662255512263191629438380719961339702.p12] cannot be opened because it does not exist
	at org.springframework.core.io.ClassPathResource.getInputStream(ClassPathResource.java:215)
	at org.springframework.boot.ssl.jks.JksSslStoreBundle.loadKeyStore(JksSslStoreBundle.java:135)
	... 24 common frames omitted
2025-09-24 05:00:30,009 INFO o.s.b.StartupInfoLogger [restartedMain] Starting PkiBackendApplication using Java 23.0.1 with PID 11968 (C:\Users\Korisnik\Documents\GitHub\pki-backend\pki-backend\target\classes started by Korisnik in C:\Users\Korisnik\Documents\GitHub\pki-backend\pki-backend)
2025-09-24 05:00:30,011 INFO o.s.b.SpringApplication [restartedMain] No active profile set, falling back to 1 default profile: "default"
2025-09-24 05:00:31,780 WARN o.h.e.j.d.i.DialectFactoryImpl [restartedMain] HHH90000025: PostgreSQLDialect does not need to be specified explicitly using 'hibernate.dialect' (remove the property setting and it will be selected by default)
2025-09-24 05:00:33,009 WARN o.s.s.c.a.a.c.InitializeUserDetailsBeanManagerConfigurer$InitializeUserDetailsManagerConfigurer [restartedMain] Global AuthenticationManager configured with an AuthenticationProvider bean. UserDetailsService beans will not be used by Spring Security for automatically configuring username/password login. Consider removing the AuthenticationProvider bean. Alternatively, consider using the UserDetailsService in a manually instantiated DaoAuthenticationProvider. If the current configuration is intentional, to turn off this warning, increase the logging level of 'org.springframework.security.config.annotation.authentication.configuration.InitializeUserDetailsBeanManagerConfigurer' to ERROR
2025-09-24 05:00:33,087 WARN o.s.b.a.o.j.JpaBaseConfiguration$JpaWebConfiguration [restartedMain] spring.jpa.open-in-view is enabled by default. Therefore, database queries may be performed during view rendering. Explicitly configure spring.jpa.open-in-view to disable this warning
2025-09-24 05:00:33,593 INFO o.s.b.StartupInfoLogger [restartedMain] Started PkiBackendApplication in 3.941 seconds (process running for 4.404)
2025-09-24 05:08:19,644 INFO o.s.b.StartupInfoLogger [restartedMain] Starting PkiBackendApplication using Java 23.0.1 with PID 18420 (C:\Users\Korisnik\Documents\GitHub\pki-backend\pki-backend\target\classes started by Korisnik in C:\Users\Korisnik\Documents\GitHub\pki-backend\pki-backend)
2025-09-24 05:08:19,660 INFO o.s.b.SpringApplication [restartedMain] No active profile set, falling back to 1 default profile: "default"
2025-09-24 05:08:20,905 INFO o.a.j.l.DirectJDKLog [restartedMain] Initializing ProtocolHandler ["http-nio-8080"]
2025-09-24 05:08:20,906 INFO o.a.j.l.DirectJDKLog [restartedMain] Starting service [Tomcat]
2025-09-24 05:08:20,906 INFO o.a.j.l.DirectJDKLog [restartedMain] Starting Servlet engine: [Apache Tomcat/10.1.43]
2025-09-24 05:08:20,946 INFO o.a.j.l.DirectJDKLog [restartedMain] Initializing Spring embedded WebApplicationContext
2025-09-24 05:08:21,349 INFO c.z.h.HikariDataSource [restartedMain] HikariPool-1 - Starting...
2025-09-24 05:08:21,455 INFO c.z.h.p.HikariPool [restartedMain] HikariPool-1 - Added connection org.postgresql.jdbc.PgConnection@6a7afafa
2025-09-24 05:08:21,456 INFO c.z.h.HikariDataSource [restartedMain] HikariPool-1 - Start completed.
2025-09-24 05:08:21,480 WARN o.h.e.j.d.i.DialectFactoryImpl [restartedMain] HHH90000025: PostgreSQLDialect does not need to be specified explicitly using 'hibernate.dialect' (remove the property setting and it will be selected by default)
2025-09-24 05:08:22,196 WARN o.h.e.j.s.SqlExceptionHelper$StandardWarningHandler [restartedMain] SQL Warning Code: 0, SQLState: 00000
2025-09-24 05:08:22,196 WARN o.h.e.j.s.SqlExceptionHelper$StandardWarningHandler [restartedMain] constraint "ukcj3okephan6bnvd232ugflkg0" of relation "email_confirmation_token" does not exist, skipping
2025-09-24 05:08:22,198 WARN o.h.e.j.s.SqlExceptionHelper$StandardWarningHandler [restartedMain] SQL Warning Code: 0, SQLState: 00000
2025-09-24 05:08:22,198 WARN o.h.e.j.s.SqlExceptionHelper$StandardWarningHandler [restartedMain] constraint "uks88xsr4dc97qxxs46aafsxnt6" of relation "email_confirmation_token" does not exist, skipping
2025-09-24 05:08:22,754 WARN o.s.s.c.a.a.c.InitializeUserDetailsBeanManagerConfigurer$InitializeUserDetailsManagerConfigurer [restartedMain] Global AuthenticationManager configured with an AuthenticationProvider bean. UserDetailsService beans will not be used by Spring Security for automatically configuring username/password login. Consider removing the AuthenticationProvider bean. Alternatively, consider using the UserDetailsService in a manually instantiated DaoAuthenticationProvider. If the current configuration is intentional, to turn off this warning, increase the logging level of 'org.springframework.security.config.annotation.authentication.configuration.InitializeUserDetailsBeanManagerConfigurer' to ERROR
2025-09-24 05:08:22,830 WARN o.s.b.a.o.j.JpaBaseConfiguration$JpaWebConfiguration [restartedMain] spring.jpa.open-in-view is enabled by default. Therefore, database queries may be performed during view rendering. Explicitly configure spring.jpa.open-in-view to disable this warning
2025-09-24 05:08:23,324 INFO o.a.j.l.DirectJDKLog [restartedMain] Starting ProtocolHandler ["http-nio-8080"]
2025-09-24 05:08:23,341 INFO o.s.b.StartupInfoLogger [restartedMain] Started PkiBackendApplication in 4.051 seconds (process running for 4.496)
2025-09-24 05:10:06,838 INFO o.a.j.l.DirectJDKLog [tomcat-shutdown] Pausing ProtocolHandler ["http-nio-8080"]
2025-09-24 05:10:06,842 INFO o.a.j.l.DirectJDKLog [Thread-5] Stopping ProtocolHandler ["http-nio-8080"]
2025-09-24 05:10:06,847 INFO c.z.h.HikariDataSource [Thread-5] HikariPool-1 - Shutdown initiated...
2025-09-24 05:10:06,849 INFO c.z.h.HikariDataSource [Thread-5] HikariPool-1 - Shutdown completed.
2025-09-24 05:10:06,938 INFO o.s.b.StartupInfoLogger [restartedMain] Starting PkiBackendApplication using Java 23.0.1 with PID 18420 (C:\Users\Korisnik\Documents\GitHub\pki-backend\pki-backend\target\classes started by Korisnik in C:\Users\Korisnik\Documents\GitHub\pki-backend\pki-backend)
2025-09-24 05:10:06,938 INFO o.s.b.SpringApplication [restartedMain] No active profile set, falling back to 1 default profile: "default"
2025-09-24 05:10:07,218 WARN o.s.c.s.AbstractApplicationContext [restartedMain] Exception encountered during context initialization - cancelling refresh attempt: org.springframework.context.ApplicationContextException: Unable to start web server
2025-09-24 05:10:07,235 ERROR o.s.b.SpringApplication [restartedMain] Application run failed
org.springframework.context.ApplicationContextException: Unable to start web server
	at org.springframework.boot.web.servlet.context.ServletWebServerApplicationContext.onRefresh(ServletWebServerApplicationContext.java:170)
	at org.springframework.context.support.AbstractApplicationContext.refresh(AbstractApplicationContext.java:621)
	at org.springframework.boot.web.servlet.context.ServletWebServerApplicationContext.refresh(ServletWebServerApplicationContext.java:146)
	at org.springframework.boot.SpringApplication.refresh(SpringApplication.java:752)
	at org.springframework.boot.SpringApplication.refreshContext(SpringApplication.java:439)
	at org.springframework.boot.SpringApplication.run(SpringApplication.java:318)
	at org.springframework.boot.SpringApplication.run(SpringApplication.java:1361)
	at org.springframework.boot.SpringApplication.run(SpringApplication.java:1350)
	at com.pki.pki_backend.PkiBackendApplication.main(PkiBackendApplication.java:10)
	at java.base/jdk.internal.reflect.DirectMethodHandleAccessor.invoke(DirectMethodHandleAccessor.java:103)
	at java.base/java.lang.reflect.Method.invoke(Method.java:580)
	at org.springframework.boot.devtools.restart.RestartLauncher.run(RestartLauncher.java:50)
Caused by: java.lang.IllegalStateException: Unable to create key store: Could not load store from 'classpath:keystores/328662255512263191629438380719961339702.p12'
	at org.springframework.boot.ssl.jks.JksSslStoreBundle.createKeyStore(JksSslStoreBundle.java:112)
	at org.springframework.boot.ssl.jks.JksSslStoreBundle.lambda$new$0(JksSslStoreBundle.java:75)
	at org.springframework.util.function.SingletonSupplier.get(SingletonSupplier.java:106)
	at org.springframework.boot.ssl.jks.JksSslStoreBundle.getKeyStore(JksSslStoreBundle.java:81)
	at org.springframework.boot.web.server.WebServerSslBundle.createKeyStore(WebServerSslBundle.java:157)
	at org.springframework.boot.web.server.WebServerSslBundle.createStoreBundle(WebServerSslBundle.java:147)
	at org.springframework.boot.web.server.WebServerSslBundle.get(WebServerSslBundle.java:142)
	at org.springframework.boot.web.server.AbstractConfigurableWebServerFactory.getSslBundle(AbstractConfigurableWebServerFactory.java:198)
	at org.springframework.boot.web.embedded.tomcat.TomcatServletWebServerFactory.customizeSsl(TomcatServletWebServerFactory.java:384)
	at org.springframework.boot.web.embedded.tomcat.TomcatServletWebServerFactory.customizeConnector(TomcatServletWebServerFactory.java:360)
	at org.springframework.boot.web.embedded.tomcat.TomcatServletWebServerFactory.getWebServer(TomcatServletWebServerFactory.java:209)
	at org.springframework.boot.web.servlet.context.ServletWebServerApplicationContext.createWebServer(ServletWebServerApplicationContext.java:193)
	at org.springframework.boot.web.servlet.context.ServletWebServerApplicationContext.onRefresh(ServletWebServerApplicationContext.java:167)
	... 11 common frames omitted
Caused by: java.lang.IllegalStateException: Could not load store from 'classpath:keystores/328662255512263191629438380719961339702.p12'
	at org.springframework.boot.ssl.jks.JksSslStoreBundle.loadKeyStore(JksSslStoreBundle.java:140)
	at org.springframework.boot.ssl.jks.JksSslStoreBundle.createKeyStore(JksSslStoreBundle.java:107)
	... 23 common frames omitted
Caused by: java.io.FileNotFoundException: class path resource [keystores/328662255512263191629438380719961339702.p12] cannot be opened because it does not exist
	at org.springframework.core.io.ClassPathResource.getInputStream(ClassPathResource.java:215)
	at org.springframework.boot.ssl.jks.JksSslStoreBundle.loadKeyStore(JksSslStoreBundle.java:135)
	... 24 common frames omitted
2025-09-24 05:10:27,949 INFO o.s.b.StartupInfoLogger [restartedMain] Starting PkiBackendApplication using Java 23.0.1 with PID 10832 (C:\Users\Korisnik\Documents\GitHub\pki-backend\pki-backend\target\classes started by Korisnik in C:\Users\Korisnik\Documents\GitHub\pki-backend\pki-backend)
2025-09-24 05:10:27,949 INFO o.s.b.SpringApplication [restartedMain] No active profile set, falling back to 1 default profile: "default"
2025-09-24 05:10:29,738 WARN o.h.e.j.d.i.DialectFactoryImpl [restartedMain] HHH90000025: PostgreSQLDialect does not need to be specified explicitly using 'hibernate.dialect' (remove the property setting and it will be selected by default)
2025-09-24 05:10:31,051 WARN o.s.s.c.a.a.c.InitializeUserDetailsBeanManagerConfigurer$InitializeUserDetailsManagerConfigurer [restartedMain] Global AuthenticationManager configured with an AuthenticationProvider bean. UserDetailsService beans will not be used by Spring Security for automatically configuring username/password login. Consider removing the AuthenticationProvider bean. Alternatively, consider using the UserDetailsService in a manually instantiated DaoAuthenticationProvider. If the current configuration is intentional, to turn off this warning, increase the logging level of 'org.springframework.security.config.annotation.authentication.configuration.InitializeUserDetailsBeanManagerConfigurer' to ERROR
2025-09-24 05:10:31,126 WARN o.s.b.a.o.j.JpaBaseConfiguration$JpaWebConfiguration [restartedMain] spring.jpa.open-in-view is enabled by default. Therefore, database queries may be performed during view rendering. Explicitly configure spring.jpa.open-in-view to disable this warning
2025-09-24 05:10:31,754 INFO o.s.b.StartupInfoLogger [restartedMain] Started PkiBackendApplication in 4.151 seconds (process running for 4.604)
2025-09-24 05:10:50,571 INFO c.p.p.a.LoggingAspect [https-jsse-nio-8443-exec-1] User: 'admin@pki.com' is starting execution of method: 'getAll'
2025-09-24 05:10:50,583 INFO c.p.p.a.LoggingAspect [https-jsse-nio-8443-exec-1] User: 'admin@pki.com' successfully executed method: 'getAll'
2025-09-24 05:11:18,879 INFO c.p.p.a.LoggingAspect [https-jsse-nio-8443-exec-4] User: 'admin@pki.com' is starting execution of method: 'issueCertificate'
2025-09-24 05:11:19,989 INFO c.p.p.a.LoggingAspect [https-jsse-nio-8443-exec-4] User: 'admin@pki.com' successfully executed method: 'issueCertificate'
2025-09-24 05:11:26,587 INFO c.p.p.a.LoggingAspect [https-jsse-nio-8443-exec-7] User: 'admin@pki.com' is starting execution of method: 'getAll'
2025-09-24 05:11:26,590 INFO c.p.p.a.LoggingAspect [https-jsse-nio-8443-exec-7] User: 'admin@pki.com' successfully executed method: 'getAll'
2025-09-24 05:11:36,471 INFO o.s.b.StartupInfoLogger [restartedMain] Starting PkiBackendApplication using Java 23.0.1 with PID 10832 (C:\Users\Korisnik\Documents\GitHub\pki-backend\pki-backend\target\classes started by Korisnik in C:\Users\Korisnik\Documents\GitHub\pki-backend\pki-backend)
2025-09-24 05:11:36,471 INFO o.s.b.SpringApplication [restartedMain] No active profile set, falling back to 1 default profile: "default"
2025-09-24 05:11:36,989 WARN o.h.e.j.d.i.DialectFactoryImpl [restartedMain] HHH90000025: PostgreSQLDialect does not need to be specified explicitly using 'hibernate.dialect' (remove the property setting and it will be selected by default)
2025-09-24 05:11:37,301 WARN o.s.s.c.a.a.c.InitializeUserDetailsBeanManagerConfigurer$InitializeUserDetailsManagerConfigurer [restartedMain] Global AuthenticationManager configured with an AuthenticationProvider bean. UserDetailsService beans will not be used by Spring Security for automatically configuring username/password login. Consider removing the AuthenticationProvider bean. Alternatively, consider using the UserDetailsService in a manually instantiated DaoAuthenticationProvider. If the current configuration is intentional, to turn off this warning, increase the logging level of 'org.springframework.security.config.annotation.authentication.configuration.InitializeUserDetailsBeanManagerConfigurer' to ERROR
2025-09-24 05:11:37,328 WARN o.s.b.a.o.j.JpaBaseConfiguration$JpaWebConfiguration [restartedMain] spring.jpa.open-in-view is enabled by default. Therefore, database queries may be performed during view rendering. Explicitly configure spring.jpa.open-in-view to disable this warning
2025-09-24 05:11:37,614 INFO o.s.b.StartupInfoLogger [restartedMain] Started PkiBackendApplication in 1.167 seconds (process running for 70.471)
2025-09-24 05:11:46,698 INFO c.p.p.a.LoggingAspect [https-jsse-nio-8443-exec-10] User: 'admin@pki.com' is starting execution of method: 'createCaUser'
2025-09-24 05:11:46,700 ERROR c.p.p.a.LoggingAspect [https-jsse-nio-8443-exec-10] User: 'admin@pki.com' encountered an error in method: 'createCaUser'. Exception: Email already in use
2025-09-24 05:11:57,799 INFO c.p.p.a.LoggingAspect [https-jsse-nio-8443-exec-10] User: 'admin@pki.com' is starting execution of method: 'createCaUser'
2025-09-24 05:12:08,346 INFO c.p.p.a.LoggingAspect [https-jsse-nio-8443-exec-10] User: 'admin@pki.com' successfully executed method: 'createCaUser'
2025-09-24 05:14:48,065 INFO c.p.p.a.LoggingAspect [https-jsse-nio-8443-exec-1] User: 'admin@pki.com' is starting execution of method: 'issueCertificate'
2025-09-24 05:14:48,751 INFO c.p.p.a.LoggingAspect [https-jsse-nio-8443-exec-1] User: 'admin@pki.com' successfully executed method: 'issueCertificate'
2025-09-24 05:14:52,201 INFO c.p.p.a.LoggingAspect [https-jsse-nio-8443-exec-5] User: 'admin@pki.com' is starting execution of method: 'getAll'
2025-09-24 05:14:52,204 INFO c.p.p.a.LoggingAspect [https-jsse-nio-8443-exec-5] User: 'admin@pki.com' successfully executed method: 'getAll'
2025-09-24 05:15:21,252 INFO o.s.b.StartupInfoLogger [restartedMain] Starting PkiBackendApplication using Java 23.0.1 with PID 1312 (C:\Users\Korisnik\Documents\GitHub\pki-backend\pki-backend\target\classes started by Korisnik in C:\Users\Korisnik\Documents\GitHub\pki-backend\pki-backend)
2025-09-24 05:15:21,253 INFO o.s.b.SpringApplication [restartedMain] No active profile set, falling back to 1 default profile: "default"
2025-09-24 05:15:23,116 WARN o.h.e.j.d.i.DialectFactoryImpl [restartedMain] HHH90000025: PostgreSQLDialect does not need to be specified explicitly using 'hibernate.dialect' (remove the property setting and it will be selected by default)
2025-09-24 05:15:24,452 WARN o.s.s.c.a.a.c.InitializeUserDetailsBeanManagerConfigurer$InitializeUserDetailsManagerConfigurer [restartedMain] Global AuthenticationManager configured with an AuthenticationProvider bean. UserDetailsService beans will not be used by Spring Security for automatically configuring username/password login. Consider removing the AuthenticationProvider bean. Alternatively, consider using the UserDetailsService in a manually instantiated DaoAuthenticationProvider. If the current configuration is intentional, to turn off this warning, increase the logging level of 'org.springframework.security.config.annotation.authentication.configuration.InitializeUserDetailsBeanManagerConfigurer' to ERROR
2025-09-24 05:15:24,530 WARN o.s.b.a.o.j.JpaBaseConfiguration$JpaWebConfiguration [restartedMain] spring.jpa.open-in-view is enabled by default. Therefore, database queries may be performed during view rendering. Explicitly configure spring.jpa.open-in-view to disable this warning
2025-09-24 05:15:25,182 INFO o.s.b.StartupInfoLogger [restartedMain] Started PkiBackendApplication in 4.292 seconds (process running for 4.782)
2025-09-24 05:15:58,815 INFO c.p.p.a.LoggingAspect [https-jsse-nio-8443-exec-10] User: 'admin@pki.com' is starting execution of method: 'issueCertificate'
2025-09-24 05:16:00,584 INFO c.p.p.a.LoggingAspect [https-jsse-nio-8443-exec-10] User: 'admin@pki.com' successfully executed method: 'issueCertificate'
2025-09-24 05:16:03,762 INFO c.p.p.a.LoggingAspect [https-jsse-nio-8443-exec-9] User: 'admin@pki.com' is starting execution of method: 'getAll'
2025-09-24 05:16:03,767 INFO c.p.p.a.LoggingAspect [https-jsse-nio-8443-exec-9] User: 'admin@pki.com' successfully executed method: 'getAll'
2025-09-24 05:16:21,727 INFO c.p.p.a.LoggingAspect [https-jsse-nio-8443-exec-3] User: 'admin@pki.com' is starting execution of method: 'issueCertificate'
2025-09-24 05:16:22,938 INFO c.p.p.a.LoggingAspect [https-jsse-nio-8443-exec-3] User: 'admin@pki.com' successfully executed method: 'issueCertificate'
2025-09-24 05:16:26,141 INFO c.p.p.a.LoggingAspect [https-jsse-nio-8443-exec-7] User: 'admin@pki.com' is starting execution of method: 'getAll'
2025-09-24 05:16:26,144 INFO c.p.p.a.LoggingAspect [https-jsse-nio-8443-exec-7] User: 'admin@pki.com' successfully executed method: 'getAll'
2025-09-24 05:16:34,051 INFO o.s.b.StartupInfoLogger [restartedMain] Starting PkiBackendApplication using Java 23.0.1 with PID 1312 (C:\Users\Korisnik\Documents\GitHub\pki-backend\pki-backend\target\classes started by Korisnik in C:\Users\Korisnik\Documents\GitHub\pki-backend\pki-backend)
2025-09-24 05:16:34,051 INFO o.s.b.SpringApplication [restartedMain] No active profile set, falling back to 1 default profile: "default"
2025-09-24 05:16:34,557 WARN o.h.e.j.d.i.DialectFactoryImpl [restartedMain] HHH90000025: PostgreSQLDialect does not need to be specified explicitly using 'hibernate.dialect' (remove the property setting and it will be selected by default)
2025-09-24 05:16:34,858 WARN o.s.s.c.a.a.c.InitializeUserDetailsBeanManagerConfigurer$InitializeUserDetailsManagerConfigurer [restartedMain] Global AuthenticationManager configured with an AuthenticationProvider bean. UserDetailsService beans will not be used by Spring Security for automatically configuring username/password login. Consider removing the AuthenticationProvider bean. Alternatively, consider using the UserDetailsService in a manually instantiated DaoAuthenticationProvider. If the current configuration is intentional, to turn off this warning, increase the logging level of 'org.springframework.security.config.annotation.authentication.configuration.InitializeUserDetailsBeanManagerConfigurer' to ERROR
2025-09-24 05:16:34,881 WARN o.s.b.a.o.j.JpaBaseConfiguration$JpaWebConfiguration [restartedMain] spring.jpa.open-in-view is enabled by default. Therefore, database queries may be performed during view rendering. Explicitly configure spring.jpa.open-in-view to disable this warning
2025-09-24 05:16:35,164 INFO o.s.b.StartupInfoLogger [restartedMain] Started PkiBackendApplication in 1.132 seconds (process running for 74.77)
2025-09-24 05:19:22,490 INFO c.p.p.a.LoggingAspect [https-jsse-nio-8443-exec-10] User: 'admin@pki.com' is starting execution of method: 'revokeCertificate'
2025-09-24 05:19:22,503 INFO c.p.p.a.LoggingAspect [https-jsse-nio-8443-exec-10] User: 'admin@pki.com' successfully executed method: 'revokeCertificate'
2025-09-24 05:19:25,042 INFO c.p.p.a.LoggingAspect [https-jsse-nio-8443-exec-2] User: 'admin@pki.com' is starting execution of method: 'getAll'
2025-09-24 05:19:25,046 INFO c.p.p.a.LoggingAspect [https-jsse-nio-8443-exec-2] User: 'admin@pki.com' successfully executed method: 'getAll'
2025-09-24 05:21:40,445 INFO c.p.p.a.LoggingAspect [https-jsse-nio-8443-exec-5] User: 'admin@pki.com' is starting execution of method: 'getAll'
2025-09-24 05:21:40,449 INFO c.p.p.a.LoggingAspect [https-jsse-nio-8443-exec-5] User: 'admin@pki.com' successfully executed method: 'getAll'
2025-09-24 20:05:48,009 INFO o.s.b.StartupInfoLogger [restartedMain] Starting PkiBackendApplication using Java 17.0.12 with PID 20028 (C:\Users\spasa\OneDrive\Desktop\majlo\pki-backend\pki-backend\target\classes started by spasa in C:\Users\spasa\OneDrive\Desktop\majlo\pki-backend\pki-backend)
2025-09-24 20:05:48,023 INFO o.s.b.SpringApplication [restartedMain] No active profile set, falling back to 1 default profile: "default"
2025-09-24 20:05:53,160 WARN o.h.e.j.d.i.DialectFactoryImpl [restartedMain] HHH90000025: PostgreSQLDialect does not need to be specified explicitly using 'hibernate.dialect' (remove the property setting and it will be selected by default)
2025-09-24 20:05:57,277 WARN o.s.s.c.a.a.c.InitializeUserDetailsBeanManagerConfigurer$InitializeUserDetailsManagerConfigurer [restartedMain] Global AuthenticationManager configured with an AuthenticationProvider bean. UserDetailsService beans will not be used by Spring Security for automatically configuring username/password login. Consider removing the AuthenticationProvider bean. Alternatively, consider using the UserDetailsService in a manually instantiated DaoAuthenticationProvider. If the current configuration is intentional, to turn off this warning, increase the logging level of 'org.springframework.security.config.annotation.authentication.configuration.InitializeUserDetailsBeanManagerConfigurer' to ERROR
2025-09-24 20:05:57,490 WARN o.s.b.a.o.j.JpaBaseConfiguration$JpaWebConfiguration [restartedMain] spring.jpa.open-in-view is enabled by default. Therefore, database queries may be performed during view rendering. Explicitly configure spring.jpa.open-in-view to disable this warning
2025-09-24 20:05:58,731 WARN o.s.b.d.a.OptionalLiveReloadServer [restartedMain] Unable to start LiveReload server
2025-09-24 20:05:58,783 WARN o.s.c.s.AbstractApplicationContext [restartedMain] Exception encountered during context initialization - cancelling refresh attempt: org.springframework.context.ApplicationContextException: Failed to start bean 'webServerStartStop'
2025-09-24 20:05:58,884 ERROR o.s.b.d.LoggingFailureAnalysisReporter [restartedMain] 

***************************
APPLICATION FAILED TO START
***************************

Description:

Web server failed to start. Port 8443 was already in use.

Action:

Identify and stop the process that's listening on port 8443 or configure this application to listen on another port.

2025-09-24 20:07:31,923 INFO o.s.b.StartupInfoLogger [restartedMain] Starting PkiBackendApplication using Java 17.0.12 with PID 14432 (C:\Users\spasa\OneDrive\Desktop\majlo\pki-backend\pki-backend\target\classes started by spasa in C:\Users\spasa\OneDrive\Desktop\majlo\pki-backend\pki-backend)
2025-09-24 20:07:31,928 INFO o.s.b.SpringApplication [restartedMain] No active profile set, falling back to 1 default profile: "default"
2025-09-24 20:07:36,799 WARN o.h.e.j.d.i.DialectFactoryImpl [restartedMain] HHH90000025: PostgreSQLDialect does not need to be specified explicitly using 'hibernate.dialect' (remove the property setting and it will be selected by default)
2025-09-24 20:07:39,915 WARN o.s.s.c.a.a.c.InitializeUserDetailsBeanManagerConfigurer$InitializeUserDetailsManagerConfigurer [restartedMain] Global AuthenticationManager configured with an AuthenticationProvider bean. UserDetailsService beans will not be used by Spring Security for automatically configuring username/password login. Consider removing the AuthenticationProvider bean. Alternatively, consider using the UserDetailsService in a manually instantiated DaoAuthenticationProvider. If the current configuration is intentional, to turn off this warning, increase the logging level of 'org.springframework.security.config.annotation.authentication.configuration.InitializeUserDetailsBeanManagerConfigurer' to ERROR
2025-09-24 20:07:40,130 WARN o.s.b.a.o.j.JpaBaseConfiguration$JpaWebConfiguration [restartedMain] spring.jpa.open-in-view is enabled by default. Therefore, database queries may be performed during view rendering. Explicitly configure spring.jpa.open-in-view to disable this warning
2025-09-24 20:10:14,440 INFO o.s.b.StartupInfoLogger [restartedMain] Starting PkiBackendApplication using Java 17.0.12 with PID 3080 (C:\Users\spasa\OneDrive\Desktop\majlo\pki-backend\pki-backend\target\classes started by spasa in C:\Users\spasa\OneDrive\Desktop\majlo\pki-backend\pki-backend)
2025-09-24 20:10:14,443 INFO o.s.b.SpringApplication [restartedMain] No active profile set, falling back to 1 default profile: "default"
2025-09-24 20:10:17,239 WARN o.h.e.j.d.i.DialectFactoryImpl [restartedMain] HHH90000025: PostgreSQLDialect does not need to be specified explicitly using 'hibernate.dialect' (remove the property setting and it will be selected by default)
2025-09-24 20:10:19,147 WARN o.s.s.c.a.a.c.InitializeUserDetailsBeanManagerConfigurer$InitializeUserDetailsManagerConfigurer [restartedMain] Global AuthenticationManager configured with an AuthenticationProvider bean. UserDetailsService beans will not be used by Spring Security for automatically configuring username/password login. Consider removing the AuthenticationProvider bean. Alternatively, consider using the UserDetailsService in a manually instantiated DaoAuthenticationProvider. If the current configuration is intentional, to turn off this warning, increase the logging level of 'org.springframework.security.config.annotation.authentication.configuration.InitializeUserDetailsBeanManagerConfigurer' to ERROR
2025-09-24 20:10:19,269 WARN o.s.b.a.o.j.JpaBaseConfiguration$JpaWebConfiguration [restartedMain] spring.jpa.open-in-view is enabled by default. Therefore, database queries may be performed during view rendering. Explicitly configure spring.jpa.open-in-view to disable this warning
2025-09-24 20:10:20,331 INFO o.s.b.StartupInfoLogger [restartedMain] Started PkiBackendApplication in 6.508 seconds (process running for 6.965)
